Analysis & Synthesis report for lab3
Sat Nov 06 12:24:16 2021
Quartus Prime Version 20.1.1 Build 720 11/11/2020 Patches 1.02i SJ Lite Edition


---------------------
; Table of Contents ;
---------------------
  1. Legal Notice
  2. Analysis & Synthesis Summary
  3. Analysis & Synthesis Settings
  4. Parallel Compilation
  5. Analysis & Synthesis Source Files Read
  6. Analysis & Synthesis Resource Usage Summary
  7. Analysis & Synthesis Resource Utilization by Entity
  8. General Register Statistics
  9. Multiplexer Restructuring Statistics (Restructuring Performed)
 10. Parameter Settings for Inferred Entity Instance: GCD:gcd|lpm_divide:Mod0
 11. Post-Synthesis Netlist Statistics for Top Partition
 12. Elapsed Time Per Partition
 13. Analysis & Synthesis Messages



----------------
; Legal Notice ;
----------------
Copyright (C) 2020  Intel Corporation. All rights reserved.
Your use of Intel Corporation's design tools, logic functions 
and other software and tools, and any partner logic 
functions, and any output files from any of the foregoing 
(including device programming or simulation files), and any 
associated documentation or information are expressly subject 
to the terms and conditions of the Intel Program License 
Subscription Agreement, the Intel Quartus Prime License Agreement,
the Intel FPGA IP License Agreement, or other applicable license
agreement, including, without limitation, that your use is for
the sole purpose of programming logic devices manufactured by
Intel and sold by Intel or its authorized distributors.  Please
refer to the applicable agreement for further details, at
https://fpgasoftware.intel.com/eula.



+---------------------------------------------------------------------------------------------+
; Analysis & Synthesis Summary                                                                ;
+---------------------------------+-----------------------------------------------------------+
; Analysis & Synthesis Status     ; Successful - Sat Nov 06 12:24:16 2021                     ;
; Quartus Prime Version           ; 20.1.1 Build 720 11/11/2020 Patches 1.02i SJ Lite Edition ;
; Revision Name                   ; lab3                                                      ;
; Top-level Entity Name           ; de0_nano_soc_baseline                                     ;
; Family                          ; Cyclone V                                                 ;
; Logic utilization (in ALMs)     ; N/A                                                       ;
; Total registers                 ; 51                                                        ;
; Total pins                      ; 17                                                        ;
; Total virtual pins              ; 0                                                         ;
; Total block memory bits         ; 0                                                         ;
; Total DSP Blocks                ; 0                                                         ;
; Total HSSI RX PCSs              ; 0                                                         ;
; Total HSSI PMA RX Deserializers ; 0                                                         ;
; Total HSSI TX PCSs              ; 0                                                         ;
; Total HSSI PMA TX Serializers   ; 0                                                         ;
; Total PLLs                      ; 0                                                         ;
; Total DLLs                      ; 0                                                         ;
+---------------------------------+-----------------------------------------------------------+


+------------------------------------------------------------------------------------------------------------------------------+
; Analysis & Synthesis Settings                                                                                                ;
+---------------------------------------------------------------------------------+-----------------------+--------------------+
; Option                                                                          ; Setting               ; Default Value      ;
+---------------------------------------------------------------------------------+-----------------------+--------------------+
; Device                                                                          ; 5CSEMA4U23C6          ;                    ;
; Top-level entity name                                                           ; de0_nano_soc_baseline ; lab3               ;
; Family name                                                                     ; Cyclone V             ; Cyclone V          ;
; Use smart compilation                                                           ; Off                   ; Off                ;
; Enable parallel Assembler and Timing Analyzer during compilation                ; On                    ; On                 ;
; Enable compact report table                                                     ; Off                   ; Off                ;
; Restructure Multiplexers                                                        ; Auto                  ; Auto               ;
; MLAB Add Timing Constraints For Mixed-Port Feed-Through Mode Setting Don't Care ; Off                   ; Off                ;
; Create Debugging Nodes for IP Cores                                             ; Off                   ; Off                ;
; Preserve fewer node names                                                       ; On                    ; On                 ;
; Intel FPGA IP Evaluation Mode                                                   ; Enable                ; Enable             ;
; Verilog Version                                                                 ; Verilog_2001          ; Verilog_2001       ;
; VHDL Version                                                                    ; VHDL_1993             ; VHDL_1993          ;
; State Machine Processing                                                        ; Auto                  ; Auto               ;
; Safe State Machine                                                              ; Off                   ; Off                ;
; Extract Verilog State Machines                                                  ; On                    ; On                 ;
; Extract VHDL State Machines                                                     ; On                    ; On                 ;
; Ignore Verilog initial constructs                                               ; Off                   ; Off                ;
; Iteration limit for constant Verilog loops                                      ; 5000                  ; 5000               ;
; Iteration limit for non-constant Verilog loops                                  ; 250                   ; 250                ;
; Add Pass-Through Logic to Inferred RAMs                                         ; On                    ; On                 ;
; Infer RAMs from Raw Logic                                                       ; On                    ; On                 ;
; Parallel Synthesis                                                              ; On                    ; On                 ;
; DSP Block Balancing                                                             ; Auto                  ; Auto               ;
; NOT Gate Push-Back                                                              ; On                    ; On                 ;
; Power-Up Don't Care                                                             ; On                    ; On                 ;
; Remove Redundant Logic Cells                                                    ; Off                   ; Off                ;
; Remove Duplicate Registers                                                      ; On                    ; On                 ;
; Ignore CARRY Buffers                                                            ; Off                   ; Off                ;
; Ignore CASCADE Buffers                                                          ; Off                   ; Off                ;
; Ignore GLOBAL Buffers                                                           ; Off                   ; Off                ;
; Ignore ROW GLOBAL Buffers                                                       ; Off                   ; Off                ;
; Ignore LCELL Buffers                                                            ; Off                   ; Off                ;
; Ignore SOFT Buffers                                                             ; On                    ; On                 ;
; Limit AHDL Integers to 32 Bits                                                  ; Off                   ; Off                ;
; Optimization Technique                                                          ; Balanced              ; Balanced           ;
; Carry Chain Length                                                              ; 70                    ; 70                 ;
; Auto Carry Chains                                                               ; On                    ; On                 ;
; Auto Open-Drain Pins                                                            ; On                    ; On                 ;
; Perform WYSIWYG Primitive Resynthesis                                           ; Off                   ; Off                ;
; Auto ROM Replacement                                                            ; On                    ; On                 ;
; Auto RAM Replacement                                                            ; On                    ; On                 ;
; Auto DSP Block Replacement                                                      ; On                    ; On                 ;
; Auto Shift Register Replacement                                                 ; Auto                  ; Auto               ;
; Allow Shift Register Merging across Hierarchies                                 ; Auto                  ; Auto               ;
; Auto Clock Enable Replacement                                                   ; On                    ; On                 ;
; Strict RAM Replacement                                                          ; Off                   ; Off                ;
; Allow Synchronous Control Signals                                               ; On                    ; On                 ;
; Force Use of Synchronous Clear Signals                                          ; Off                   ; Off                ;
; Auto Resource Sharing                                                           ; Off                   ; Off                ;
; Allow Any RAM Size For Recognition                                              ; Off                   ; Off                ;
; Allow Any ROM Size For Recognition                                              ; Off                   ; Off                ;
; Allow Any Shift Register Size For Recognition                                   ; Off                   ; Off                ;
; Use LogicLock Constraints during Resource Balancing                             ; On                    ; On                 ;
; Ignore translate_off and synthesis_off directives                               ; Off                   ; Off                ;
; Timing-Driven Synthesis                                                         ; On                    ; On                 ;
; Report Parameter Settings                                                       ; On                    ; On                 ;
; Report Source Assignments                                                       ; On                    ; On                 ;
; Report Connectivity Checks                                                      ; On                    ; On                 ;
; Ignore Maximum Fan-Out Assignments                                              ; Off                   ; Off                ;
; Synchronization Register Chain Length                                           ; 3                     ; 3                  ;
; Power Optimization During Synthesis                                             ; Normal compilation    ; Normal compilation ;
; HDL message level                                                               ; Level2                ; Level2             ;
; Suppress Register Optimization Related Messages                                 ; Off                   ; Off                ;
; Number of Removed Registers Reported in Synthesis Report                        ; 5000                  ; 5000               ;
; Number of Swept Nodes Reported in Synthesis Report                              ; 5000                  ; 5000               ;
; Number of Inverted Registers Reported in Synthesis Report                       ; 100                   ; 100                ;
; Clock MUX Protection                                                            ; On                    ; On                 ;
; Auto Gated Clock Conversion                                                     ; Off                   ; Off                ;
; Block Design Naming                                                             ; Auto                  ; Auto               ;
; SDC constraint protection                                                       ; Off                   ; Off                ;
; Synthesis Effort                                                                ; Auto                  ; Auto               ;
; Shift Register Replacement - Allow Asynchronous Clear Signal                    ; On                    ; On                 ;
; Pre-Mapping Resynthesis Optimization                                            ; Off                   ; Off                ;
; Analysis & Synthesis Message Level                                              ; Medium                ; Medium             ;
; Disable Register Merging Across Hierarchies                                     ; Auto                  ; Auto               ;
; Resource Aware Inference For Block RAM                                          ; On                    ; On                 ;
; Automatic Parallel Synthesis                                                    ; On                    ; On                 ;
; Partial Reconfiguration Bitstream ID                                            ; Off                   ; Off                ;
+---------------------------------------------------------------------------------+-----------------------+--------------------+


+------------------------------------------+
; Parallel Compilation                     ;
+----------------------------+-------------+
; Processors                 ; Number      ;
+----------------------------+-------------+
; Number detected on machine ; 4           ;
; Maximum allowed            ; 4           ;
;                            ;             ;
; Average used               ; 1.00        ;
; Maximum used               ; 4           ;
;                            ;             ;
; Usage by Processor         ; % Time Used ;
;     Processor 1            ; 100.0%      ;
;     Processors 2-4         ;   0.0%      ;
+----------------------------+-------------+


+--------------------------------------------------------------------------------------------------------------------------------------------------------------------------+
; Analysis & Synthesis Source Files Read                                                                                                                                   ;
+----------------------------------+-----------------+------------------------------+----------------------------------------------------------------------------+---------+
; File Name with User-Entered Path ; Used in Netlist ; File Type                    ; File Name with Absolute Path                                               ; Library ;
+----------------------------------+-----------------+------------------------------+----------------------------------------------------------------------------+---------+
; de0_nano_soc_baseline.v          ; yes             ; User Verilog HDL File        ; C:/Users/user/Desktop/Verilog/lab3/de0_nano_soc_baseline.v                 ;         ;
; GCD.v                            ; yes             ; User Verilog HDL File        ; C:/Users/user/Desktop/Verilog/lab3/GCD.v                                   ;         ;
; lpm_divide.tdf                   ; yes             ; Megafunction                 ; c:/intelfpga_lite/20.1/quartus/libraries/megafunctions/lpm_divide.tdf      ;         ;
; abs_divider.inc                  ; yes             ; Megafunction                 ; c:/intelfpga_lite/20.1/quartus/libraries/megafunctions/abs_divider.inc     ;         ;
; sign_div_unsign.inc              ; yes             ; Megafunction                 ; c:/intelfpga_lite/20.1/quartus/libraries/megafunctions/sign_div_unsign.inc ;         ;
; aglobal201.inc                   ; yes             ; Megafunction                 ; c:/intelfpga_lite/20.1/quartus/libraries/megafunctions/aglobal201.inc      ;         ;
; db/lpm_divide_c2m.tdf            ; yes             ; Auto-Generated Megafunction  ; C:/Users/user/Desktop/Verilog/lab3/db/lpm_divide_c2m.tdf                   ;         ;
; db/sign_div_unsign_fkh.tdf       ; yes             ; Auto-Generated Megafunction  ; C:/Users/user/Desktop/Verilog/lab3/db/sign_div_unsign_fkh.tdf              ;         ;
; db/alt_u_div_4te.tdf             ; yes             ; Auto-Generated Megafunction  ; C:/Users/user/Desktop/Verilog/lab3/db/alt_u_div_4te.tdf                    ;         ;
+----------------------------------+-----------------+------------------------------+----------------------------------------------------------------------------+---------+


+--------------------------------------------------------------+
; Analysis & Synthesis Resource Usage Summary                  ;
+---------------------------------------------+----------------+
; Resource                                    ; Usage          ;
+---------------------------------------------+----------------+
; Estimate of Logic utilization (ALMs needed) ; 65             ;
;                                             ;                ;
; Combinational ALUT usage for logic          ; 121            ;
;     -- 7 input functions                    ; 0              ;
;     -- 6 input functions                    ; 4              ;
;     -- 5 input functions                    ; 30             ;
;     -- 4 input functions                    ; 32             ;
;     -- <=3 input functions                  ; 55             ;
;                                             ;                ;
; Dedicated logic registers                   ; 51             ;
;                                             ;                ;
; I/O pins                                    ; 17             ;
;                                             ;                ;
; Total DSP Blocks                            ; 0              ;
;                                             ;                ;
; Maximum fan-out node                        ; CLOCK_50~input ;
; Maximum fan-out                             ; 51             ;
; Total fan-out                               ; 657            ;
; Average fan-out                             ; 3.19           ;
+---------------------------------------------+----------------+


+----------------------------------------------------------------------------------------------------------------------------------------------------------------------------------------------------------------------------------------------------------------------------------------------------------------------------+
; Analysis & Synthesis Resource Utilization by Entity                                                                                                                                                                                                                                                                        ;
+-------------------------------------------+---------------------+---------------------------+-------------------+------------+------+--------------+--------------------------------------------------------------------------------------------------------------------------------+-----------------------+--------------+
; Compilation Hierarchy Node                ; Combinational ALUTs ; Dedicated Logic Registers ; Block Memory Bits ; DSP Blocks ; Pins ; Virtual Pins ; Full Hierarchy Name                                                                                                            ; Entity Name           ; Library Name ;
+-------------------------------------------+---------------------+---------------------------+-------------------+------------+------+--------------+--------------------------------------------------------------------------------------------------------------------------------+-----------------------+--------------+
; |de0_nano_soc_baseline                    ; 121 (0)             ; 51 (0)                    ; 0                 ; 0          ; 17   ; 0            ; |de0_nano_soc_baseline                                                                                                         ; de0_nano_soc_baseline ; work         ;
;    |GCD:gcd|                              ; 121 (35)            ; 51 (51)                   ; 0                 ; 0          ; 0    ; 0            ; |de0_nano_soc_baseline|GCD:gcd                                                                                                 ; GCD                   ; work         ;
;       |lpm_divide:Mod0|                   ; 86 (0)              ; 0 (0)                     ; 0                 ; 0          ; 0    ; 0            ; |de0_nano_soc_baseline|GCD:gcd|lpm_divide:Mod0                                                                                 ; lpm_divide            ; work         ;
;          |lpm_divide_c2m:auto_generated|  ; 86 (0)              ; 0 (0)                     ; 0                 ; 0          ; 0    ; 0            ; |de0_nano_soc_baseline|GCD:gcd|lpm_divide:Mod0|lpm_divide_c2m:auto_generated                                                   ; lpm_divide_c2m        ; work         ;
;             |sign_div_unsign_fkh:divider| ; 86 (0)              ; 0 (0)                     ; 0                 ; 0          ; 0    ; 0            ; |de0_nano_soc_baseline|GCD:gcd|lpm_divide:Mod0|lpm_divide_c2m:auto_generated|sign_div_unsign_fkh:divider                       ; sign_div_unsign_fkh   ; work         ;
;                |alt_u_div_4te:divider|    ; 86 (86)             ; 0 (0)                     ; 0                 ; 0          ; 0    ; 0            ; |de0_nano_soc_baseline|GCD:gcd|lpm_divide:Mod0|lpm_divide_c2m:auto_generated|sign_div_unsign_fkh:divider|alt_u_div_4te:divider ; alt_u_div_4te         ; work         ;
+-------------------------------------------+---------------------+---------------------------+-------------------+------------+------+--------------+--------------------------------------------------------------------------------------------------------------------------------+-----------------------+--------------+
Note: For table entries with two numbers listed, the numbers in parentheses indicate the number of resources of the given type used by the specific entity alone. The numbers listed outside of parentheses indicate the total resources of the given type used by the specific entity and all of its sub-entities in the hierarchy.


+------------------------------------------------------+
; General Register Statistics                          ;
+----------------------------------------------+-------+
; Statistic                                    ; Value ;
+----------------------------------------------+-------+
; Total registers                              ; 51    ;
; Number of registers using Synchronous Clear  ; 0     ;
; Number of registers using Synchronous Load   ; 16    ;
; Number of registers using Asynchronous Clear ; 0     ;
; Number of registers using Asynchronous Load  ; 0     ;
; Number of registers using Clock Enable       ; 48    ;
; Number of registers using Preset             ; 0     ;
+----------------------------------------------+-------+


+------------------------------------------------------------------------------------------------------------------------------------------------------+
; Multiplexer Restructuring Statistics (Restructuring Performed)                                                                                       ;
+--------------------+-----------+---------------+----------------------+------------------------+------------+----------------------------------------+
; Multiplexer Inputs ; Bus Width ; Baseline Area ; Area if Restructured ; Saving if Restructured ; Registered ; Example Multiplexer Output             ;
+--------------------+-----------+---------------+----------------------+------------------------+------------+----------------------------------------+
; 4:1                ; 6 bits    ; 12 LEs        ; 12 LEs               ; 0 LEs                  ; Yes        ; |de0_nano_soc_baseline|GCD:gcd|num1[6] ;
; 4:1                ; 7 bits    ; 14 LEs        ; 14 LEs               ; 0 LEs                  ; Yes        ; |de0_nano_soc_baseline|GCD:gcd|num2[6] ;
+--------------------+-----------+---------------+----------------------+------------------------+------------+----------------------------------------+


+--------------------------------------------------------------------------+
; Parameter Settings for Inferred Entity Instance: GCD:gcd|lpm_divide:Mod0 ;
+------------------------+----------------+--------------------------------+
; Parameter Name         ; Value          ; Type                           ;
+------------------------+----------------+--------------------------------+
; LPM_WIDTHN             ; 8              ; Untyped                        ;
; LPM_WIDTHD             ; 8              ; Untyped                        ;
; LPM_NREPRESENTATION    ; UNSIGNED       ; Untyped                        ;
; LPM_DREPRESENTATION    ; UNSIGNED       ; Untyped                        ;
; LPM_PIPELINE           ; 0              ; Untyped                        ;
; LPM_REMAINDERPOSITIVE  ; TRUE           ; Untyped                        ;
; MAXIMIZE_SPEED         ; 5              ; Untyped                        ;
; CBXI_PARAMETER         ; lpm_divide_c2m ; Untyped                        ;
; CARRY_CHAIN            ; MANUAL         ; Untyped                        ;
; OPTIMIZE_FOR_SPEED     ; 5              ; Untyped                        ;
; AUTO_CARRY_CHAINS      ; ON             ; AUTO_CARRY                     ;
; IGNORE_CARRY_BUFFERS   ; OFF            ; IGNORE_CARRY                   ;
; AUTO_CASCADE_CHAINS    ; ON             ; AUTO_CASCADE                   ;
; IGNORE_CASCADE_BUFFERS ; OFF            ; IGNORE_CASCADE                 ;
+------------------------+----------------+--------------------------------+
Note: In order to hide this table in the UI and the text report file, please set the "Show Parameter Settings in Synthesis Report" option in "Analysis and Synthesis Settings -> More Settings" to "Off".


+-----------------------------------------------------+
; Post-Synthesis Netlist Statistics for Top Partition ;
+-----------------------+-----------------------------+
; Type                  ; Count                       ;
+-----------------------+-----------------------------+
; arriav_ff             ; 51                          ;
;     ENA               ; 32                          ;
;     ENA SLD           ; 16                          ;
;     plain             ; 3                           ;
; arriav_lcell_comb     ; 121                         ;
;     arith             ; 48                          ;
;         0 data inputs ; 10                          ;
;         2 data inputs ; 13                          ;
;         5 data inputs ; 25                          ;
;     normal            ; 64                          ;
;         2 data inputs ; 10                          ;
;         3 data inputs ; 16                          ;
;         4 data inputs ; 29                          ;
;         5 data inputs ; 5                           ;
;         6 data inputs ; 4                           ;
;     shared            ; 9                           ;
;         0 data inputs ; 3                           ;
;         2 data inputs ; 3                           ;
;         4 data inputs ; 3                           ;
; boundary_port         ; 17                          ;
;                       ;                             ;
; Max LUT depth         ; 14.70                       ;
; Average LUT depth     ; 8.45                        ;
+-----------------------+-----------------------------+


+-------------------------------+
; Elapsed Time Per Partition    ;
+----------------+--------------+
; Partition Name ; Elapsed Time ;
+----------------+--------------+
; Top            ; 00:00:03     ;
+----------------+--------------+


+-------------------------------+
; Analysis & Synthesis Messages ;
+-------------------------------+
Info: *******************************************************************
Info: Running Quartus Prime Analysis & Synthesis
    Info: Version 20.1.1 Build 720 11/11/2020 Patches 1.02i SJ Lite Edition
    Info: Processing started: Sat Nov 06 12:23:27 2021
Info: Command: quartus_map --read_settings_files=on --write_settings_files=off lab3 -c lab3
Warning (18236): Number of processors has not been specified which may cause overloading on shared machines.  Set the global assignment NUM_PARALLEL_PROCESSORS in your QSF to an appropriate value for best performance.
Info (20030): Parallel compilation is enabled and will use 4 of the 4 processors detected
Info (12021): Found 1 design units, including 1 entities, in source file de0_nano_soc_baseline.v
    Info (12023): Found entity 1: de0_nano_soc_baseline File: C:/Users/user/Desktop/Verilog/lab3/de0_nano_soc_baseline.v Line: 40
Info (12021): Found 1 design units, including 1 entities, in source file gcd.v
    Info (12023): Found entity 1: GCD File: C:/Users/user/Desktop/Verilog/lab3/GCD.v Line: 1
Info (12021): Found 1 design units, including 1 entities, in source file tb.v
    Info (12023): Found entity 1: tb File: C:/Users/user/Desktop/Verilog/lab3/tb.v Line: 1
Info (12127): Elaborating entity "de0_nano_soc_baseline" for the top level hierarchy
Info (12128): Elaborating entity "GCD" for hierarchy "GCD:gcd" File: C:/Users/user/Desktop/Verilog/lab3/de0_nano_soc_baseline.v Line: 148
Warning (10230): Verilog HDL assignment warning at GCD.v(52): truncated value with size 32 to match size of target (8) File: C:/Users/user/Desktop/Verilog/lab3/GCD.v Line: 52
Warning (10242): Verilog HDL Function Declaration warning at GCD.v(59): variable "d" may have a Don't Care value because it may not be assigned a value in every possible path through the statements preceding its use File: C:/Users/user/Desktop/Verilog/lab3/GCD.v Line: 59
Warning (10230): Verilog HDL assignment warning at GCD.v(59): truncated value with size 32 to match size of target (8) File: C:/Users/user/Desktop/Verilog/lab3/GCD.v Line: 59
Warning (10242): Verilog HDL Function Declaration warning at GCD.v(65): variable "c" may have a Don't Care value because it may not be assigned a value in every possible path through the statements preceding its use File: C:/Users/user/Desktop/Verilog/lab3/GCD.v Line: 65
Warning (10242): Verilog HDL Function Declaration warning at GCD.v(65): variable "d" may have a Don't Care value because it may not be assigned a value in every possible path through the statements preceding its use File: C:/Users/user/Desktop/Verilog/lab3/GCD.v Line: 65
Warning (10242): Verilog HDL Function Declaration warning at GCD.v(66): variable "d" may have a Don't Care value because it may not be assigned a value in every possible path through the statements preceding its use File: C:/Users/user/Desktop/Verilog/lab3/GCD.v Line: 66
Warning (10242): Verilog HDL Function Declaration warning at GCD.v(66): variable "c" may have a Don't Care value because it may not be assigned a value in every possible path through the statements preceding its use File: C:/Users/user/Desktop/Verilog/lab3/GCD.v Line: 66
Warning (10242): Verilog HDL Function Declaration warning at GCD.v(67): variable "c" may have a Don't Care value because it may not be assigned a value in every possible path through the statements preceding its use File: C:/Users/user/Desktop/Verilog/lab3/GCD.v Line: 67
Warning (10242): Verilog HDL Function Declaration warning at GCD.v(67): variable "d" may have a Don't Care value because it may not be assigned a value in every possible path through the statements preceding its use File: C:/Users/user/Desktop/Verilog/lab3/GCD.v Line: 67
Warning (10242): Verilog HDL Function Declaration warning at GCD.v(68): variable "c" may have a Don't Care value because it may not be assigned a value in every possible path through the statements preceding its use File: C:/Users/user/Desktop/Verilog/lab3/GCD.v Line: 68
Warning (10242): Verilog HDL Function Declaration warning at GCD.v(68): variable "d" may have a Don't Care value because it may not be assigned a value in every possible path through the statements preceding its use File: C:/Users/user/Desktop/Verilog/lab3/GCD.v Line: 68
Warning (10030): Net "twoscomplement.c" at GCD.v(48) has no driver or initial value, using a default initial value '0' File: C:/Users/user/Desktop/Verilog/lab3/GCD.v Line: 48
Warning (10030): Net "twoscomplement.d" at GCD.v(48) has no driver or initial value, using a default initial value '0' File: C:/Users/user/Desktop/Verilog/lab3/GCD.v Line: 48
Info (278001): Inferred 1 megafunctions from design logic
    Info (278004): Inferred divider/modulo megafunction ("lpm_divide") from the following logic: "GCD:gcd|Mod0" File: C:/Users/user/Desktop/Verilog/lab3/GCD.v Line: 34
Info (12130): Elaborated megafunction instantiation "GCD:gcd|lpm_divide:Mod0" File: C:/Users/user/Desktop/Verilog/lab3/GCD.v Line: 34
Info (12133): Instantiated megafunction "GCD:gcd|lpm_divide:Mod0" with the following parameter: File: C:/Users/user/Desktop/Verilog/lab3/GCD.v Line: 34
    Info (12134): Parameter "LPM_WIDTHN" = "8"
    Info (12134): Parameter "LPM_WIDTHD" = "8"
    Info (12134): Parameter "LPM_NREPRESENTATION" = "UNSIGNED"
    Info (12134): Parameter "LPM_DREPRESENTATION" = "UNSIGNED"
Info (12021): Found 1 design units, including 1 entities, in source file db/lpm_divide_c2m.tdf
    Info (12023): Found entity 1: lpm_divide_c2m File: C:/Users/user/Desktop/Verilog/lab3/db/lpm_divide_c2m.tdf Line: 25
Info (12021): Found 1 design units, including 1 entities, in source file db/sign_div_unsign_fkh.tdf
    Info (12023): Found entity 1: sign_div_unsign_fkh File: C:/Users/user/Desktop/Verilog/lab3/db/sign_div_unsign_fkh.tdf Line: 25
Info (12021): Found 1 design units, including 1 entities, in source file db/alt_u_div_4te.tdf
    Info (12023): Found entity 1: alt_u_div_4te File: C:/Users/user/Desktop/Verilog/lab3/db/alt_u_div_4te.tdf Line: 23
Info (286030): Timing-Driven Synthesis is running
Info (16010): Generating hard_block partition "hard_block:auto_generated_inst"
    Info (16011): Adding 0 node(s), including 0 DDIO, 0 PLL, 0 transceiver and 0 LCELL
Warning (21074): Design contains 2 input pin(s) that do not drive logic
    Warning (15610): No output dependent on input pin "FPGA_CLK2_50" File: C:/Users/user/Desktop/Verilog/lab3/de0_nano_soc_baseline.v Line: 45
    Warning (15610): No output dependent on input pin "FPGA_CLK3_50" File: C:/Users/user/Desktop/Verilog/lab3/de0_nano_soc_baseline.v Line: 46
Info (21057): Implemented 156 device resources after synthesis - the final resource count might be different
    Info (21058): Implemented 9 input pins
    Info (21059): Implemented 8 output pins
    Info (21061): Implemented 139 logic cells
Info: Quartus Prime Analysis & Synthesis was successful. 0 errors, 17 warnings
    Info: Peak virtual memory: 4835 megabytes
    Info: Processing ended: Sat Nov 06 12:24:16 2021
    Info: Elapsed time: 00:00:49
    Info: Total CPU time (on all processors): 00:01:33


