Analysis & Elaboration report for achitecture
Fri Dec 17 22:31:18 2021
Quartus Prime Version 20.1.1 Build 720 11/11/2020 Patches 1.02i SJ Lite Edition


---------------------
; Table of Contents ;
---------------------
  1. Legal Notice
  2. Analysis & Elaboration Summary
  3. Parallel Compilation
  4. Analysis & Elaboration Settings
  5. Port Connectivity Checks: "controlUnit:cu|alu:alu"
  6. Port Connectivity Checks: "controlUnit:cu|decoder:instructionDecoter"
  7. Analysis & Elaboration Messages



----------------
; Legal Notice ;
----------------
Copyright (C) 2020  Intel Corporation. All rights reserved.
Your use of Intel Corporation's design tools, logic functions 
and other software and tools, and any partner logic 
functions, and any output files from any of the foregoing 
(including device programming or simulation files), and any 
associated documentation or information are expressly subject 
to the terms and conditions of the Intel Program License 
Subscription Agreement, the Intel Quartus Prime License Agreement,
the Intel FPGA IP License Agreement, or other applicable license
agreement, including, without limitation, that your use is for
the sole purpose of programming logic devices manufactured by
Intel and sold by Intel or its authorized distributors.  Please
refer to the applicable agreement for further details, at
https://fpgasoftware.intel.com/eula.



+-------------------------------------------------------------------------------------------+
; Analysis & Elaboration Summary                                                            ;
+-------------------------------+-----------------------------------------------------------+
; Analysis & Elaboration Status ; Successful - Fri Dec 17 22:31:18 2021                     ;
; Quartus Prime Version         ; 20.1.1 Build 720 11/11/2020 Patches 1.02i SJ Lite Edition ;
; Revision Name                 ; achitecture                                               ;
; Top-level Entity Name         ; tb                                                        ;
; Family                        ; Cyclone V                                                 ;
; Logic utilization (in ALMs)   ; N/A until Partition Merge                                 ;
; Total registers               ; N/A until Partition Merge                                 ;
; Total pins                    ; N/A until Partition Merge                                 ;
; Total virtual pins            ; N/A until Partition Merge                                 ;
; Total block memory bits       ; N/A until Partition Merge                                 ;
; Total PLLs                    ; N/A until Partition Merge                                 ;
; Total DLLs                    ; N/A until Partition Merge                                 ;
+-------------------------------+-----------------------------------------------------------+


+------------------------------------------+
; Parallel Compilation                     ;
+----------------------------+-------------+
; Processors                 ; Number      ;
+----------------------------+-------------+
; Number detected on machine ; 4           ;
; Maximum allowed            ; 4           ;
;                            ;             ;
; Average used               ; 1.00        ;
; Maximum used               ; 1           ;
;                            ;             ;
; Usage by Processor         ; % Time Used ;
;     Processor 1            ; 100.0%      ;
+----------------------------+-------------+


+---------------------------------------------------------------------------------------------------------------------------+
; Analysis & Elaboration Settings                                                                                           ;
+---------------------------------------------------------------------------------+--------------------+--------------------+
; Option                                                                          ; Setting            ; Default Value      ;
+---------------------------------------------------------------------------------+--------------------+--------------------+
; Device                                                                          ; 5CGXFC7C7F23C8     ;                    ;
; Top-level entity name                                                           ; tb                 ; achitecture        ;
; Family name                                                                     ; Cyclone V          ; Cyclone V          ;
; Use smart compilation                                                           ; Off                ; Off                ;
; Enable parallel Assembler and Timing Analyzer during compilation                ; On                 ; On                 ;
; Enable compact report table                                                     ; Off                ; Off                ;
; Restructure Multiplexers                                                        ; Auto               ; Auto               ;
; MLAB Add Timing Constraints For Mixed-Port Feed-Through Mode Setting Don't Care ; Off                ; Off                ;
; Create Debugging Nodes for IP Cores                                             ; Off                ; Off                ;
; Preserve fewer node names                                                       ; On                 ; On                 ;
; Intel FPGA IP Evaluation Mode                                                   ; Enable             ; Enable             ;
; Verilog Version                                                                 ; Verilog_2001       ; Verilog_2001       ;
; VHDL Version                                                                    ; VHDL_1993          ; VHDL_1993          ;
; State Machine Processing                                                        ; Auto               ; Auto               ;
; Safe State Machine                                                              ; Off                ; Off                ;
; Extract Verilog State Machines                                                  ; On                 ; On                 ;
; Extract VHDL State Machines                                                     ; On                 ; On                 ;
; Ignore Verilog initial constructs                                               ; Off                ; Off                ;
; Iteration limit for constant Verilog loops                                      ; 5000               ; 5000               ;
; Iteration limit for non-constant Verilog loops                                  ; 250                ; 250                ;
; Add Pass-Through Logic to Inferred RAMs                                         ; On                 ; On                 ;
; Infer RAMs from Raw Logic                                                       ; On                 ; On                 ;
; Parallel Synthesis                                                              ; On                 ; On                 ;
; DSP Block Balancing                                                             ; Auto               ; Auto               ;
; NOT Gate Push-Back                                                              ; On                 ; On                 ;
; Power-Up Don't Care                                                             ; On                 ; On                 ;
; Remove Redundant Logic Cells                                                    ; Off                ; Off                ;
; Remove Duplicate Registers                                                      ; On                 ; On                 ;
; Ignore CARRY Buffers                                                            ; Off                ; Off                ;
; Ignore CASCADE Buffers                                                          ; Off                ; Off                ;
; Ignore GLOBAL Buffers                                                           ; Off                ; Off                ;
; Ignore ROW GLOBAL Buffers                                                       ; Off                ; Off                ;
; Ignore LCELL Buffers                                                            ; Off                ; Off                ;
; Ignore SOFT Buffers                                                             ; On                 ; On                 ;
; Limit AHDL Integers to 32 Bits                                                  ; Off                ; Off                ;
; Optimization Technique                                                          ; Balanced           ; Balanced           ;
; Carry Chain Length                                                              ; 70                 ; 70                 ;
; Auto Carry Chains                                                               ; On                 ; On                 ;
; Auto Open-Drain Pins                                                            ; On                 ; On                 ;
; Perform WYSIWYG Primitive Resynthesis                                           ; Off                ; Off                ;
; Auto ROM Replacement                                                            ; On                 ; On                 ;
; Auto RAM Replacement                                                            ; On                 ; On                 ;
; Auto DSP Block Replacement                                                      ; On                 ; On                 ;
; Auto Shift Register Replacement                                                 ; Auto               ; Auto               ;
; Allow Shift Register Merging across Hierarchies                                 ; Auto               ; Auto               ;
; Auto Clock Enable Replacement                                                   ; On                 ; On                 ;
; Strict RAM Replacement                                                          ; Off                ; Off                ;
; Allow Synchronous Control Signals                                               ; On                 ; On                 ;
; Force Use of Synchronous Clear Signals                                          ; Off                ; Off                ;
; Auto Resource Sharing                                                           ; Off                ; Off                ;
; Allow Any RAM Size For Recognition                                              ; Off                ; Off                ;
; Allow Any ROM Size For Recognition                                              ; Off                ; Off                ;
; Allow Any Shift Register Size For Recognition                                   ; Off                ; Off                ;
; Use LogicLock Constraints during Resource Balancing                             ; On                 ; On                 ;
; Ignore translate_off and synthesis_off directives                               ; Off                ; Off                ;
; Timing-Driven Synthesis                                                         ; On                 ; On                 ;
; Report Parameter Settings                                                       ; On                 ; On                 ;
; Report Source Assignments                                                       ; On                 ; On                 ;
; Report Connectivity Checks                                                      ; On                 ; On                 ;
; Ignore Maximum Fan-Out Assignments                                              ; Off                ; Off                ;
; Synchronization Register Chain Length                                           ; 3                  ; 3                  ;
; Power Optimization During Synthesis                                             ; Normal compilation ; Normal compilation ;
; HDL message level                                                               ; Level2             ; Level2             ;
; Suppress Register Optimization Related Messages                                 ; Off                ; Off                ;
; Number of Removed Registers Reported in Synthesis Report                        ; 5000               ; 5000               ;
; Number of Swept Nodes Reported in Synthesis Report                              ; 5000               ; 5000               ;
; Number of Inverted Registers Reported in Synthesis Report                       ; 100                ; 100                ;
; Clock MUX Protection                                                            ; On                 ; On                 ;
; Auto Gated Clock Conversion                                                     ; Off                ; Off                ;
; Block Design Naming                                                             ; Auto               ; Auto               ;
; SDC constraint protection                                                       ; Off                ; Off                ;
; Synthesis Effort                                                                ; Auto               ; Auto               ;
; Shift Register Replacement - Allow Asynchronous Clear Signal                    ; On                 ; On                 ;
; Pre-Mapping Resynthesis Optimization                                            ; Off                ; Off                ;
; Analysis & Synthesis Message Level                                              ; Medium             ; Medium             ;
; Disable Register Merging Across Hierarchies                                     ; Auto               ; Auto               ;
; Resource Aware Inference For Block RAM                                          ; On                 ; On                 ;
; Automatic Parallel Synthesis                                                    ; On                 ; On                 ;
; Partial Reconfiguration Bitstream ID                                            ; Off                ; Off                ;
+---------------------------------------------------------------------------------+--------------------+--------------------+


+--------------------------------------------------------------------------------------------------------------------------------------------------------------------------------------------------------------+
; Port Connectivity Checks: "controlUnit:cu|alu:alu"                                                                                                                                                           ;
+----------------+--------+----------+-------------------------------------------------------------------------------------------------------------------------------------------------------------------------+
; Port           ; Type   ; Severity ; Details                                                                                                                                                                 ;
+----------------+--------+----------+-------------------------------------------------------------------------------------------------------------------------------------------------------------------------+
; NZCV_out       ; Output ; Warning  ; Output or bidir port (4 bits) is smaller than the port expression (32 bits) it drives.  The 28 most-significant bit(s) in the port expression will be connected to GND. ;
; NZCV_out[3..0] ; Output ; Info     ; Connected to dangling logic. Logic that only feeds a dangling port will be removed.                                                                                     ;
+----------------+--------+----------+-------------------------------------------------------------------------------------------------------------------------------------------------------------------------+


+-------------------------------------------------------------------------------------------------------------------------+
; Port Connectivity Checks: "controlUnit:cu|decoder:instructionDecoter"                                                   ;
+---------------+--------+----------+-------------------------------------------------------------------------------------+
; Port          ; Type   ; Severity ; Details                                                                             ;
+---------------+--------+----------+-------------------------------------------------------------------------------------+
; cond          ; Output ; Info     ; Connected to dangling logic. Logic that only feeds a dangling port will be removed. ;
; nIPUBWL[4..0] ; Output ; Info     ; Connected to dangling logic. Logic that only feeds a dangling port will be removed. ;
; bimm          ; Output ; Info     ; Connected to dangling logic. Logic that only feeds a dangling port will be removed. ;
; imm12         ; Output ; Info     ; Connected to dangling logic. Logic that only feeds a dangling port will be removed. ;
; imm8          ; Output ; Info     ; Connected to dangling logic. Logic that only feeds a dangling port will be removed. ;
; imm24         ; Output ; Info     ; Connected to dangling logic. Logic that only feeds a dangling port will be removed. ;
; bit7          ; Output ; Info     ; Connected to dangling logic. Logic that only feeds a dangling port will be removed. ;
+---------------+--------+----------+-------------------------------------------------------------------------------------+


+---------------------------------+
; Analysis & Elaboration Messages ;
+---------------------------------+
Info: *******************************************************************
Info: Running Quartus Prime Analysis & Elaboration
    Info: Version 20.1.1 Build 720 11/11/2020 Patches 1.02i SJ Lite Edition
    Info: Processing started: Fri Dec 17 22:30:51 2021
Info: Command: quartus_map --read_settings_files=on --write_settings_files=off achitecture -c achitecture --analysis_and_elaboration
Warning (18236): Number of processors has not been specified which may cause overloading on shared machines.  Set the global assignment NUM_PARALLEL_PROCESSORS in your QSF to an appropriate value for best performance.
Info (20030): Parallel compilation is enabled and will use 4 of the 4 processors detected
Info (12021): Found 1 design units, including 1 entities, in source file shifter.v
    Info (12023): Found entity 1: shifter File: C:/Users/user/Desktop/architecture/shifter.v Line: 1
Info (12021): Found 1 design units, including 1 entities, in source file regfile.v
    Info (12023): Found entity 1: regfile File: C:/Users/user/Desktop/architecture/regfile.v Line: 1
Info (12021): Found 1 design units, including 1 entities, in source file instrmem.v
    Info (12023): Found entity 1: instrmem File: C:/Users/user/Desktop/architecture/instrmem.v Line: 1
Info (12021): Found 1 design units, including 1 entities, in source file flags.v
    Info (12023): Found entity 1: flags File: C:/Users/user/Desktop/architecture/flags.v Line: 1
Info (12021): Found 1 design units, including 1 entities, in source file decoder.v
    Info (12023): Found entity 1: decoder File: C:/Users/user/Desktop/architecture/decoder.v Line: 1
Info (12021): Found 1 design units, including 1 entities, in source file datamem.v
    Info (12023): Found entity 1: datamem File: C:/Users/user/Desktop/architecture/datamem.v Line: 1
Info (12021): Found 1 design units, including 1 entities, in source file concatenator.v
    Info (12023): Found entity 1: concatenator File: C:/Users/user/Desktop/architecture/concatenator.v Line: 1
Info (12021): Found 1 design units, including 1 entities, in source file alu.v
    Info (12023): Found entity 1: alu File: C:/Users/user/Desktop/architecture/alu.v Line: 1
Info (12021): Found 1 design units, including 1 entities, in source file controlunit.v
    Info (12023): Found entity 1: controlUnit File: C:/Users/user/Desktop/architecture/controlUnit.v Line: 1
Info (12021): Found 1 design units, including 1 entities, in source file tb.v
    Info (12023): Found entity 1: tb File: C:/Users/user/Desktop/architecture/tb.v Line: 1
Info (12127): Elaborating entity "tb" for the top level hierarchy
Warning (10755): Verilog HDL warning at tb.v(6): assignments to clk create a combinational loop File: C:/Users/user/Desktop/architecture/tb.v Line: 6
Info (12128): Elaborating entity "controlUnit" for hierarchy "controlUnit:cu" File: C:/Users/user/Desktop/architecture/tb.v Line: 4
Info (12128): Elaborating entity "instrmem" for hierarchy "controlUnit:cu|instrmem:instructionMemory" File: C:/Users/user/Desktop/architecture/controlUnit.v Line: 40
Warning (10858): Verilog HDL warning at instrmem.v(6): object memory used but never assigned File: C:/Users/user/Desktop/architecture/instrmem.v Line: 6
Warning (10230): Verilog HDL assignment warning at instrmem.v(8): truncated value with size 256 to match size of target (32) File: C:/Users/user/Desktop/architecture/instrmem.v Line: 8
Info (12128): Elaborating entity "regfile" for hierarchy "controlUnit:cu|regfile:registerFile" File: C:/Users/user/Desktop/architecture/controlUnit.v Line: 41
Info (12128): Elaborating entity "datamem" for hierarchy "controlUnit:cu|datamem:dataMemory" File: C:/Users/user/Desktop/architecture/controlUnit.v Line: 42
Warning (10230): Verilog HDL assignment warning at datamem.v(11): truncated value with size 256 to match size of target (32) File: C:/Users/user/Desktop/architecture/datamem.v Line: 11
Info (12128): Elaborating entity "concatenator" for hierarchy "controlUnit:cu|concatenator:zeroConcatenator" File: C:/Users/user/Desktop/architecture/controlUnit.v Line: 43
Warning (10230): Verilog HDL assignment warning at concatenator.v(17): truncated value with size 32 to match size of target (24) File: C:/Users/user/Desktop/architecture/concatenator.v Line: 17
Warning (10230): Verilog HDL assignment warning at concatenator.v(23): truncated value with size 32 to match size of target (20) File: C:/Users/user/Desktop/architecture/concatenator.v Line: 23
Warning (10230): Verilog HDL assignment warning at concatenator.v(29): truncated value with size 32 to match size of target (8) File: C:/Users/user/Desktop/architecture/concatenator.v Line: 29
Warning (10270): Verilog HDL Case Statement warning at concatenator.v(12): incomplete case statement has no default case item File: C:/Users/user/Desktop/architecture/concatenator.v Line: 12
Warning (10240): Verilog HDL Always Construct warning at concatenator.v(12): inferring latch(es) for variable "result", which holds its previous value in one or more paths through the always construct File: C:/Users/user/Desktop/architecture/concatenator.v Line: 12
Info (10041): Inferred latch for "result[0]" at concatenator.v(12) File: C:/Users/user/Desktop/architecture/concatenator.v Line: 12
Info (10041): Inferred latch for "result[1]" at concatenator.v(12) File: C:/Users/user/Desktop/architecture/concatenator.v Line: 12
Info (10041): Inferred latch for "result[2]" at concatenator.v(12) File: C:/Users/user/Desktop/architecture/concatenator.v Line: 12
Info (10041): Inferred latch for "result[3]" at concatenator.v(12) File: C:/Users/user/Desktop/architecture/concatenator.v Line: 12
Info (10041): Inferred latch for "result[4]" at concatenator.v(12) File: C:/Users/user/Desktop/architecture/concatenator.v Line: 12
Info (10041): Inferred latch for "result[5]" at concatenator.v(12) File: C:/Users/user/Desktop/architecture/concatenator.v Line: 12
Info (10041): Inferred latch for "result[6]" at concatenator.v(12) File: C:/Users/user/Desktop/architecture/concatenator.v Line: 12
Info (10041): Inferred latch for "result[7]" at concatenator.v(12) File: C:/Users/user/Desktop/architecture/concatenator.v Line: 12
Info (10041): Inferred latch for "result[8]" at concatenator.v(12) File: C:/Users/user/Desktop/architecture/concatenator.v Line: 12
Info (10041): Inferred latch for "result[9]" at concatenator.v(12) File: C:/Users/user/Desktop/architecture/concatenator.v Line: 12
Info (10041): Inferred latch for "result[10]" at concatenator.v(12) File: C:/Users/user/Desktop/architecture/concatenator.v Line: 12
Info (10041): Inferred latch for "result[11]" at concatenator.v(12) File: C:/Users/user/Desktop/architecture/concatenator.v Line: 12
Info (10041): Inferred latch for "result[12]" at concatenator.v(12) File: C:/Users/user/Desktop/architecture/concatenator.v Line: 12
Info (10041): Inferred latch for "result[13]" at concatenator.v(12) File: C:/Users/user/Desktop/architecture/concatenator.v Line: 12
Info (10041): Inferred latch for "result[14]" at concatenator.v(12) File: C:/Users/user/Desktop/architecture/concatenator.v Line: 12
Info (10041): Inferred latch for "result[15]" at concatenator.v(12) File: C:/Users/user/Desktop/architecture/concatenator.v Line: 12
Info (10041): Inferred latch for "result[16]" at concatenator.v(12) File: C:/Users/user/Desktop/architecture/concatenator.v Line: 12
Info (10041): Inferred latch for "result[17]" at concatenator.v(12) File: C:/Users/user/Desktop/architecture/concatenator.v Line: 12
Info (10041): Inferred latch for "result[18]" at concatenator.v(12) File: C:/Users/user/Desktop/architecture/concatenator.v Line: 12
Info (10041): Inferred latch for "result[19]" at concatenator.v(12) File: C:/Users/user/Desktop/architecture/concatenator.v Line: 12
Info (10041): Inferred latch for "result[20]" at concatenator.v(12) File: C:/Users/user/Desktop/architecture/concatenator.v Line: 12
Info (10041): Inferred latch for "result[21]" at concatenator.v(12) File: C:/Users/user/Desktop/architecture/concatenator.v Line: 12
Info (10041): Inferred latch for "result[22]" at concatenator.v(12) File: C:/Users/user/Desktop/architecture/concatenator.v Line: 12
Info (10041): Inferred latch for "result[23]" at concatenator.v(12) File: C:/Users/user/Desktop/architecture/concatenator.v Line: 12
Info (10041): Inferred latch for "result[24]" at concatenator.v(12) File: C:/Users/user/Desktop/architecture/concatenator.v Line: 12
Info (10041): Inferred latch for "result[25]" at concatenator.v(12) File: C:/Users/user/Desktop/architecture/concatenator.v Line: 12
Info (10041): Inferred latch for "result[26]" at concatenator.v(12) File: C:/Users/user/Desktop/architecture/concatenator.v Line: 12
Info (10041): Inferred latch for "result[27]" at concatenator.v(12) File: C:/Users/user/Desktop/architecture/concatenator.v Line: 12
Info (10041): Inferred latch for "result[28]" at concatenator.v(12) File: C:/Users/user/Desktop/architecture/concatenator.v Line: 12
Info (10041): Inferred latch for "result[29]" at concatenator.v(12) File: C:/Users/user/Desktop/architecture/concatenator.v Line: 12
Info (10041): Inferred latch for "result[30]" at concatenator.v(12) File: C:/Users/user/Desktop/architecture/concatenator.v Line: 12
Info (10041): Inferred latch for "result[31]" at concatenator.v(12) File: C:/Users/user/Desktop/architecture/concatenator.v Line: 12
Info (12128): Elaborating entity "decoder" for hierarchy "controlUnit:cu|decoder:instructionDecoter" File: C:/Users/user/Desktop/architecture/controlUnit.v Line: 44
Info (12128): Elaborating entity "alu" for hierarchy "controlUnit:cu|alu:alu" File: C:/Users/user/Desktop/architecture/controlUnit.v Line: 45
Warning (10230): Verilog HDL assignment warning at alu.v(17): truncated value with size 32 to match size of target (4) File: C:/Users/user/Desktop/architecture/alu.v Line: 17
Warning (10230): Verilog HDL assignment warning at alu.v(72): truncated value with size 64 to match size of target (33) File: C:/Users/user/Desktop/architecture/alu.v Line: 72
Warning (10230): Verilog HDL assignment warning at alu.v(78): truncated value with size 32 to match size of target (1) File: C:/Users/user/Desktop/architecture/alu.v Line: 78
Warning (10240): Verilog HDL Always Construct warning at alu.v(34): inferring latch(es) for variable "NZCV", which holds its previous value in one or more paths through the always construct File: C:/Users/user/Desktop/architecture/alu.v Line: 34
Warning (10240): Verilog HDL Always Construct warning at alu.v(34): inferring latch(es) for variable "result", which holds its previous value in one or more paths through the always construct File: C:/Users/user/Desktop/architecture/alu.v Line: 34
Info (10041): Inferred latch for "result[0]" at alu.v(34) File: C:/Users/user/Desktop/architecture/alu.v Line: 34
Info (10041): Inferred latch for "result[1]" at alu.v(34) File: C:/Users/user/Desktop/architecture/alu.v Line: 34
Info (10041): Inferred latch for "result[2]" at alu.v(34) File: C:/Users/user/Desktop/architecture/alu.v Line: 34
Info (10041): Inferred latch for "result[3]" at alu.v(34) File: C:/Users/user/Desktop/architecture/alu.v Line: 34
Info (10041): Inferred latch for "result[4]" at alu.v(34) File: C:/Users/user/Desktop/architecture/alu.v Line: 34
Info (10041): Inferred latch for "result[5]" at alu.v(34) File: C:/Users/user/Desktop/architecture/alu.v Line: 34
Info (10041): Inferred latch for "result[6]" at alu.v(34) File: C:/Users/user/Desktop/architecture/alu.v Line: 34
Info (10041): Inferred latch for "result[7]" at alu.v(34) File: C:/Users/user/Desktop/architecture/alu.v Line: 34
Info (10041): Inferred latch for "result[8]" at alu.v(34) File: C:/Users/user/Desktop/architecture/alu.v Line: 34
Info (10041): Inferred latch for "result[9]" at alu.v(34) File: C:/Users/user/Desktop/architecture/alu.v Line: 34
Info (10041): Inferred latch for "result[10]" at alu.v(34) File: C:/Users/user/Desktop/architecture/alu.v Line: 34
Info (10041): Inferred latch for "result[11]" at alu.v(34) File: C:/Users/user/Desktop/architecture/alu.v Line: 34
Info (10041): Inferred latch for "result[12]" at alu.v(34) File: C:/Users/user/Desktop/architecture/alu.v Line: 34
Info (10041): Inferred latch for "result[13]" at alu.v(34) File: C:/Users/user/Desktop/architecture/alu.v Line: 34
Info (10041): Inferred latch for "result[14]" at alu.v(34) File: C:/Users/user/Desktop/architecture/alu.v Line: 34
Info (10041): Inferred latch for "result[15]" at alu.v(34) File: C:/Users/user/Desktop/architecture/alu.v Line: 34
Info (10041): Inferred latch for "result[16]" at alu.v(34) File: C:/Users/user/Desktop/architecture/alu.v Line: 34
Info (10041): Inferred latch for "result[17]" at alu.v(34) File: C:/Users/user/Desktop/architecture/alu.v Line: 34
Info (10041): Inferred latch for "result[18]" at alu.v(34) File: C:/Users/user/Desktop/architecture/alu.v Line: 34
Info (10041): Inferred latch for "result[19]" at alu.v(34) File: C:/Users/user/Desktop/architecture/alu.v Line: 34
Info (10041): Inferred latch for "result[20]" at alu.v(34) File: C:/Users/user/Desktop/architecture/alu.v Line: 34
Info (10041): Inferred latch for "result[21]" at alu.v(34) File: C:/Users/user/Desktop/architecture/alu.v Line: 34
Info (10041): Inferred latch for "result[22]" at alu.v(34) File: C:/Users/user/Desktop/architecture/alu.v Line: 34
Info (10041): Inferred latch for "result[23]" at alu.v(34) File: C:/Users/user/Desktop/architecture/alu.v Line: 34
Info (10041): Inferred latch for "result[24]" at alu.v(34) File: C:/Users/user/Desktop/architecture/alu.v Line: 34
Info (10041): Inferred latch for "result[25]" at alu.v(34) File: C:/Users/user/Desktop/architecture/alu.v Line: 34
Info (10041): Inferred latch for "result[26]" at alu.v(34) File: C:/Users/user/Desktop/architecture/alu.v Line: 34
Info (10041): Inferred latch for "result[27]" at alu.v(34) File: C:/Users/user/Desktop/architecture/alu.v Line: 34
Info (10041): Inferred latch for "result[28]" at alu.v(34) File: C:/Users/user/Desktop/architecture/alu.v Line: 34
Info (10041): Inferred latch for "result[29]" at alu.v(34) File: C:/Users/user/Desktop/architecture/alu.v Line: 34
Info (10041): Inferred latch for "result[30]" at alu.v(34) File: C:/Users/user/Desktop/architecture/alu.v Line: 34
Info (10041): Inferred latch for "result[31]" at alu.v(34) File: C:/Users/user/Desktop/architecture/alu.v Line: 34
Info (10041): Inferred latch for "result[32]" at alu.v(34) File: C:/Users/user/Desktop/architecture/alu.v Line: 34
Info (10041): Inferred latch for "NZCV[0]" at alu.v(34) File: C:/Users/user/Desktop/architecture/alu.v Line: 34
Info (10041): Inferred latch for "NZCV[1]" at alu.v(34) File: C:/Users/user/Desktop/architecture/alu.v Line: 34
Info (10041): Inferred latch for "NZCV[2]" at alu.v(34) File: C:/Users/user/Desktop/architecture/alu.v Line: 34
Info (10041): Inferred latch for "NZCV[3]" at alu.v(34) File: C:/Users/user/Desktop/architecture/alu.v Line: 34
Info (12128): Elaborating entity "shifter" for hierarchy "controlUnit:cu|shifter:shifter" File: C:/Users/user/Desktop/architecture/controlUnit.v Line: 46
Warning (10230): Verilog HDL assignment warning at shifter.v(19): truncated value with size 64 to match size of target (32) File: C:/Users/user/Desktop/architecture/shifter.v Line: 19
Warning (10230): Verilog HDL assignment warning at shifter.v(29): truncated value with size 64 to match size of target (32) File: C:/Users/user/Desktop/architecture/shifter.v Line: 29
Warning (10230): Verilog HDL assignment warning at shifter.v(39): truncated value with size 64 to match size of target (32) File: C:/Users/user/Desktop/architecture/shifter.v Line: 39
Warning (12241): 1 hierarchies have connectivity warnings - see the Connectivity Checks report folder
Info: Quartus Prime Analysis & Elaboration was successful. 0 errors, 19 warnings
    Info: Peak virtual memory: 4774 megabytes
    Info: Processing ended: Fri Dec 17 22:31:18 2021
    Info: Elapsed time: 00:00:27
    Info: Total CPU time (on all processors): 00:00:54


