Flow report for Counter
Sat Nov 06 14:28:29 2021
Quartus Prime Version 20.1.1 Build 720 11/11/2020 Patches 1.02i SJ Lite Edition


---------------------
; Table of Contents ;
---------------------
  1. Legal Notice
  2. Flow Summary
  3. Flow Settings
  4. Flow Non-Default Global Settings
  5. Flow Elapsed Time
  6. Flow OS Summary
  7. Flow Log
  8. Flow Messages
  9. Flow Suppressed Messages



----------------
; Legal Notice ;
----------------
Copyright (C) 2020  Intel Corporation. All rights reserved.
Your use of Intel Corporation's design tools, logic functions 
and other software and tools, and any partner logic 
functions, and any output files from any of the foregoing 
(including device programming or simulation files), and any 
associated documentation or information are expressly subject 
to the terms and conditions of the Intel Program License 
Subscription Agreement, the Intel Quartus Prime License Agreement,
the Intel FPGA IP License Agreement, or other applicable license
agreement, including, without limitation, that your use is for
the sole purpose of programming logic devices manufactured by
Intel and sold by Intel or its authorized distributors.  Please
refer to the applicable agreement for further details, at
https://fpgasoftware.intel.com/eula.



+---------------------------------------------------------------------------------------------+
; Flow Summary                                                                                ;
+---------------------------------+-----------------------------------------------------------+
; Flow Status                     ; Successful - Sat Nov 06 14:28:29 2021                     ;
; Quartus Prime Version           ; 20.1.1 Build 720 11/11/2020 Patches 1.02i SJ Lite Edition ;
; Revision Name                   ; Counter                                                   ;
; Top-level Entity Name           ; de0_nano_soc_baseline                                     ;
; Family                          ; Cyclone V                                                 ;
; Device                          ; 5CSEMA4U23C6                                              ;
; Timing Models                   ; Final                                                     ;
; Logic utilization (in ALMs)     ; 15 / 15,880 ( < 1 % )                                     ;
; Total registers                 ; 29                                                        ;
; Total pins                      ; 11 / 314 ( 4 % )                                          ;
; Total virtual pins              ; 0                                                         ;
; Total block memory bits         ; 0 / 2,764,800 ( 0 % )                                     ;
; Total DSP Blocks                ; 1 / 84 ( 1 % )                                            ;
; Total HSSI RX PCSs              ; 0                                                         ;
; Total HSSI PMA RX Deserializers ; 0                                                         ;
; Total HSSI TX PCSs              ; 0                                                         ;
; Total HSSI PMA TX Serializers   ; 0                                                         ;
; Total PLLs                      ; 0 / 5 ( 0 % )                                             ;
; Total DLLs                      ; 0 / 4 ( 0 % )                                             ;
+---------------------------------+-----------------------------------------------------------+


+-----------------------------------------+
; Flow Settings                           ;
+-------------------+---------------------+
; Option            ; Setting             ;
+-------------------+---------------------+
; Start date & time ; 11/06/2021 14:24:26 ;
; Main task         ; Compilation         ;
; Revision Name     ; Counter             ;
+-------------------+---------------------+


+----------------------------------------------------------------------------------------------------------------------------------------------------------+
; Flow Non-Default Global Settings                                                                                                                         ;
+-------------------------------------+----------------------------------------+---------------+-----------------------+-----------------------------------+
; Assignment Name                     ; Value                                  ; Default Value ; Entity Name           ; Section Id                        ;
+-------------------------------------+----------------------------------------+---------------+-----------------------+-----------------------------------+
; COMPILER_SIGNATURE_ID               ; 115410752206172.163619426505916        ; --            ; --                    ; --                                ;
; EDA_GENERATE_FUNCTIONAL_NETLIST     ; Off                                    ; --            ; --                    ; eda_board_design_timing           ;
; EDA_GENERATE_FUNCTIONAL_NETLIST     ; Off                                    ; --            ; --                    ; eda_board_design_boundary_scan    ;
; EDA_GENERATE_FUNCTIONAL_NETLIST     ; Off                                    ; --            ; --                    ; eda_board_design_signal_integrity ;
; EDA_GENERATE_FUNCTIONAL_NETLIST     ; Off                                    ; --            ; --                    ; eda_board_design_symbol           ;
; EDA_OUTPUT_DATA_FORMAT              ; Verilog Hdl                            ; --            ; --                    ; eda_simulation                    ;
; EDA_SIMULATION_TOOL                 ; ModelSim-Altera (Verilog)              ; <None>        ; --                    ; --                                ;
; EDA_TIME_SCALE                      ; 1 ps                                   ; --            ; --                    ; eda_simulation                    ;
; MAX_CORE_JUNCTION_TEMP              ; 85                                     ; --            ; --                    ; --                                ;
; MIN_CORE_JUNCTION_TEMP              ; 0                                      ; --            ; --                    ; --                                ;
; PARTITION_COLOR                     ; -- (Not supported for targeted family) ; --            ; de0_nano_soc_baseline ; Top                               ;
; PARTITION_FITTER_PRESERVATION_LEVEL ; -- (Not supported for targeted family) ; --            ; de0_nano_soc_baseline ; Top                               ;
; PARTITION_NETLIST_TYPE              ; -- (Not supported for targeted family) ; --            ; de0_nano_soc_baseline ; Top                               ;
; PROJECT_OUTPUT_DIRECTORY            ; output_files                           ; --            ; --                    ; --                                ;
; TOP_LEVEL_ENTITY                    ; de0_nano_soc_baseline                  ; Counter       ; --                    ; --                                ;
+-------------------------------------+----------------------------------------+---------------+-----------------------+-----------------------------------+


+--------------------------------------------------------------------------------------------------------------------------+
; Flow Elapsed Time                                                                                                        ;
+----------------------+--------------+-------------------------+---------------------+------------------------------------+
; Module Name          ; Elapsed Time ; Average Processors Used ; Peak Virtual Memory ; Total CPU Time (on all processors) ;
+----------------------+--------------+-------------------------+---------------------+------------------------------------+
; Analysis & Synthesis ; 00:00:39     ; 1.0                     ; 4833 MB             ; 00:01:27                           ;
; Fitter               ; 00:02:04     ; 1.0                     ; 6226 MB             ; 00:02:27                           ;
; Assembler            ; 00:00:26     ; 1.0                     ; 4827 MB             ; 00:00:21                           ;
; Timing Analyzer      ; 00:00:27     ; 1.1                     ; 5054 MB             ; 00:00:21                           ;
; EDA Netlist Writer   ; 00:00:06     ; 1.0                     ; 4718 MB             ; 00:00:05                           ;
; Total                ; 00:03:42     ; --                      ; --                  ; 00:04:41                           ;
+----------------------+--------------+-------------------------+---------------------+------------------------------------+


+------------------------------------------------------------------------------------+
; Flow OS Summary                                                                    ;
+----------------------+------------------+------------+------------+----------------+
; Module Name          ; Machine Hostname ; OS Name    ; OS Version ; Processor type ;
+----------------------+------------------+------------+------------+----------------+
; Analysis & Synthesis ; WINDOWS-PC       ; Windows 10 ; 10.0       ; x86_64         ;
; Fitter               ; WINDOWS-PC       ; Windows 10 ; 10.0       ; x86_64         ;
; Assembler            ; WINDOWS-PC       ; Windows 10 ; 10.0       ; x86_64         ;
; Timing Analyzer      ; WINDOWS-PC       ; Windows 10 ; 10.0       ; x86_64         ;
; EDA Netlist Writer   ; WINDOWS-PC       ; Windows 10 ; 10.0       ; x86_64         ;
+----------------------+------------------+------------+------------+----------------+


------------
; Flow Log ;
------------
quartus_map --read_settings_files=on --write_settings_files=off Counter -c Counter
quartus_fit --read_settings_files=off --write_settings_files=off Counter -c Counter
quartus_asm --read_settings_files=off --write_settings_files=off Counter -c Counter
quartus_sta Counter -c Counter
quartus_eda --read_settings_files=off --write_settings_files=off Counter -c Counter



